#separator \x09
#set_separator	,
#empty_field	(empty)
#unset_field	-
#path	ocsp
#open	2023-05-23-00-45-23
#fields	ts	id	hashAlgorithm	issuerNameHash	issuerKeyHash	serialNumber	certStatus	revoketime	revokereason	thisUpdate	nextUpdate
#types	time	string	string	string	string	string	string	time	string	time	time
1684789521.265951	F4CtUe2BvXz15LXKG2	sha1	53B54F6E16A815187849C176725823579954799E	A0110A233E96F107ECE2AF29EF82A57FD030A4B4	59317F6A690411431DB35746F8EAB231	good	-	-	1684737632.000000	1685342431.000000
1684789522.451660	FAZOt62jCt1i589w5b	sha1	E4E395A229D3D4C1C31FF0980C0B4EC0098AABD8	B76BA2EAA8AA848C79EAB4DA0F98B2C59576B9F4	01868B81B1367C2D91DAF33DADFD0015	good	-	-	1684380782.000000	1684982882.000000
1684789633.701617	F6nT5w1Ghl5ZI0S29g	sha1	430BD20E4F137A1A6C918F24E5DA7E324D4733C8	8D8C5EC454AD8AE177E99BF99B05E1B8018D61E1	CEAD9FFF2D27321E31657BBB379AE372	good	-	-	1684509290.000000	1685114089.000000
1684789633.819905	FFMXhs2l2B4wpn9Bw4	sha1	8051060132AD9AC27D5187A0E887FB01620155EE	03DE503556D14CBB66F0A3E21B1BC397B23DD155	025A8AEF196F7E0D6C2104B21AE6702B	good	-	-	1684688150.000000	1685292950.000000
1684789634.094530	FtbtFb4se82NCBNvu5	sha1	49F4BD8A18BF760698C5DE402D683B716AE4E686	3DD350A5D6A0ADEEF34A600A65D321D4F8F8D60F	02464E671B084BEE559D98A7BA1F9468	good	-	-	1684212302.000000	1684814402.000000
1684789634.352903	FJ25Wk4Vm8sPBemTZb	sha1	84D56BF8098BD307B766D8E1EBAD6596AA6B6761	F5CDD53C0850F96A4F3AB797DA5683E669D268F7	2B68139E1FC019A28F2B3707	good	-	-	1684766676.000000	1685112275.000000
1684789636.166124	FrtqyK2ba3VtedgaN4	sha1	430BD20E4F137A1A6C918F24E5DA7E324D4733C8	8D8C5EC454AD8AE177E99BF99B05E1B8018D61E1	9F7C8A1B72C0BAC3B70FFC37ACF88E79	good	-	-	1684647925.000000	1685252724.000000
1684789636.421227	F58NPhONN5UeVKdCh	sha1	8C0450EA53434941D65D1065376E4863D05A11AD	25E2180EB25791942AE5D45D869083DE53B3B892	DF4BA6086267CD110A67EF13666E4F02	good	-	-	1684737103.000000	1685338302.000000
1684789636.955384	FG7FxMPV6vjLh72X2	sha1	48DAC9A0FB2BD32D4FF0DE68D2F567B735F9B3C4	142EB317B75856CBAE500940E61FAF9D8B14C2C6	0330E4F9140A18C884FD76C1BA03CBBB7D5D	good	-	-	1684681200.000000	1685285998.000000
1684789636.972606	FSrQgN3OnDyYhG4Clh	sha1	666D0B709C89E4BE4BEBEC134547E4B695360F8C	C03152CD5A50C3827C7471CECBE99CF97AEB82E2	0F004E18C59004C44E79559A1F276405	good	-	-	1684717742.000000	1685319842.000000
1684789636.977723	FDX4wi36ib4MmK2fqi	sha1	430BD20E4F137A1A6C918F24E5DA7E324D4733C8	8D8C5EC454AD8AE177E99BF99B05E1B8018D61E1	6B9E4116ED12E19E854BF92BF1838746	good	-	-	1684728892.000000	1685333691.000000
1684789637.126965	FxFYkx2i3zxFKxPRT9	sha1	3A1979741DCF77D3D6572B57CAFFF6F62B1D5A3A	EE9A2E46F0C2DA3C5CC78CD6A47598DEA8190A65	0C673E377885E4052335497A28F97F50	good	-	-	1684702622.000000	1685304722.000000
1684789637.217745	FBkQk44kHD58lf9Nb4	sha1	8C0450EA53434941D65D1065376E4863D05A11AD	25E2180EB25791942AE5D45D869083DE53B3B892	A3037D67E0540BA30A3B40AE7CCDE174	good	-	-	1684743401.000000	1685344600.000000
1684789637.217745	FRzfgA1uIWBOkUPOP2	sha1	DFAA12E328B1094193E29F4282CE4740429558A3	B13EC36903F8BF4701D498261A0802EF63642BC3	04E1E7A4DC5CF2F36DC02B42B85D159F	good	-	-	1684684727.000000	1685289527.000000
1684789637.223210	F0vhwa3rEspETqLUpc	sha1	666D0B709C89E4BE4BEBEC134547E4B695360F8C	C03152CD5A50C3827C7471CECBE99CF97AEB82E2	0F4F7B61E48BA9C91CCC70E5FDCD4747	good	-	-	1684719181.000000	1685321281.000000
1684789637.261650	Fc1PEo2ovKnFzMEumk	sha1	8051060132AD9AC27D5187A0E887FB01620155EE	03DE503556D14CBB66F0A3E21B1BC397B23DD155	0F1C20273B1E33422D6733811789DD5A	good	-	-	1684688708.000000	1685293508.000000
1684789637.319904	F7Cruk4bN1XAa2XML8	sha1	48DAC9A0FB2BD32D4FF0DE68D2F567B735F9B3C4	142EB317B75856CBAE500940E61FAF9D8B14C2C6	045F7F829B7970568987D2AAFC682C2F0C3D	good	-	-	1684681200.000000	1685285998.000000
1684789637.344310	Fjrmwj3uuJBAXWwHs9	sha1	430BD20E4F137A1A6C918F24E5DA7E324D4733C8	8D8C5EC454AD8AE177E99BF99B05E1B8018D61E1	64F6E44565606011CCF879757775CD28	good	-	-	1684584719.000000	1685189518.000000
1684789637.353370	F6mOn84Rn4xoPKSZW5	sha1	CF26F518FAC97E8F8CB342E01C2F6A109E8E5F0A	5168FF90AF0207753CCCD9656462A212B859723B	01FFEEDEA1E59DF442D07CF1ADA22444	good	-	-	1684728902.000000	1685331002.000000
1684789637.380338	FZkoNqo2smIoFNrs1	sha1	2B1D1E98CCF37604D6C1C8BD15A224C804130038	0ABC0829178CA5396D7A0ECE33C72EB3EDFBC37A	0F0667342CAF0AAA8C475C2AD70C2F98	good	-	-	1684717742.000000	1685319842.000000
1684789637.452072	F5aiaR3gdncpw23RN	sha1	C12F4576ED1559ECB05DBA89BF9D8078E523D413	E59D5930824758CCACFA085436867B3AB5044DF0	0A81FD9382C2A4D746F0F8681F2A3B40	good	-	-	1684691821.000000	1685293921.000000
1684789637.505823	F6MBoc8oQ96kLs5Pf	sha1	BABB5F7079F9DC72DA46CA44DDE0E6532D9A5F23	F2569B07860799537E122CF87D2FE6D526D89354	02A145867727DC26B053DDBD38EB33BE	good	-	-	1684732862.000000	1685334962.000000
1684789637.602117	FbvF9z4FuZUc9ypJ73	sha1	E4E395A229D3D4C1C31FF0980C0B4EC0098AABD8	B76BA2EAA8AA848C79EAB4DA0F98B2C59576B9F4	0F76D7608FC496D289954C465B2E7C98	good	-	-	1684201861.000000	1684803961.000000
1684789637.651171	FHWY0g1twzd2VIBkx1	sha1	48DAC9A0FB2BD32D4FF0DE68D2F567B735F9B3C4	142EB317B75856CBAE500940E61FAF9D8B14C2C6	03E7EBFEFAC145FCF0959CDA9FF412912CD6	good	-	-	1684681200.000000	1685285998.000000
1684789637.883382	FTV3wC4ayCrk0cBUM3	sha1	E4E395A229D3D4C1C31FF0980C0B4EC0098AABD8	B76BA2EAA8AA848C79EAB4DA0F98B2C59576B9F4	09015DA82CA912E5C7AAE0E73DEBC29A	good	-	-	1684769582.000000	1685371682.000000
1684789638.400947	FYfAPd3DAWJrozUsL3	sha1	A17551059D2110D201B9081B73338F1C3CC7BD5F	81B80E638A891218E5FA3B3B50959FE6E5901385	04793057409B4D9D14F7553336AB5B16	good	-	-	1684743302.000000	1685345402.000000
1684789638.408217	Fvkr3XaTqTFYJSIBg	sha1	B9637A21B0602B5F790A8E22BF731357C5301394	8868D91F11C40E1F9B89E0A042775FC3798EC36E	01BD515DC926D74586A05B376507D058	good	-	-	1684760400.000000	1684803600.000000
1684789638.507508	Fq3k2X1zavC9IS3xNc	sha1	39D28B71FE1D19B65FB3F1288F23BC04595C4395	4E2254201895E6E36EE60FFAFAB912ED06178F39	085F94C02D857BE8CC14FF53EDA23E2A	good	-	-	1684685615.000000	1685290415.000000
1684789638.507508	FUSzR34U8NR9aJUZN2	sha1	F59C687F2418D62A790F7592330756EA85E94707	8FF04B7FA82E4524AE4D50FA639A8BDEE2DD1BBC	7CC174CEFC9DBD7621E9A69FFF326BED	good	-	-	1684772994.000000	1685118593.000000
1684789638.551854	Fe2gpo4MbQcRCtGg1i	sha1	48DAC9A0FB2BD32D4FF0DE68D2F567B735F9B3C4	142EB317B75856CBAE500940E61FAF9D8B14C2C6	0439DB5D1E0A91B876A590078A409F11CE8E	good	-	-	1684684800.000000	1685289598.000000
1684789638.580592	FyYF1m4NLdNabNPE38	sha1	A7C4B8B3DC5BB5581EA7D7F13AC569F56F48D789	748580C066C7DF37DECFBD2937AA031DBEEDCD17	0982F48A2C05EEDE5C3856A2135D747E	good	-	-	1684772462.000000	1685374562.000000
1684789638.602569	FqFubQ1eRo8HsBCxw8	sha1	CF26F518FAC97E8F8CB342E01C2F6A109E8E5F0A	5168FF90AF0207753CCCD9656462A212B859723B	042E3962BD28C16B836B3B99BA3F1313	good	-	-	1684741501.000000	1685343601.000000
1684789638.611579	FF5jJw30JUTjfozBn4	sha1	666D0B709C89E4BE4BEBEC134547E4B695360F8C	C03152CD5A50C3827C7471CECBE99CF97AEB82E2	0FBC06A0E90303935F62A7C85B52F5AC	good	-	-	1684721701.000000	1685323801.000000
1684789638.625016	Fhie8P1Up4J15Lhmyh	sha1	A7C4B8B3DC5BB5581EA7D7F13AC569F56F48D789	748580C066C7DF37DECFBD2937AA031DBEEDCD17	0EE7075A6A0F6B2CE883174193C30293	good	-	-	1684717022.000000	1685319122.000000
1684789638.646531	FdOQcP3zIt9wIeOLkh	sha1	84D56BF8098BD307B766D8E1EBAD6596AA6B6761	F5CDD53C0850F96A4F3AB797DA5683E669D268F7	250CCF78FF8277EEE6F557D9	good	-	-	1684771082.000000	1685116681.000000
1684789638.667052	FrM3CG2gu4n2Dqnj7l	sha1	A5E2344EF5763A9CE2F31E9B9807B0075727A5F9	B390A7D8C9AF4ECD613C9F7CAD5D7F41FD6930EA	913107D3FA7F4DCEA63424B7E8D98251	good	-	-	1684718659.000000	1685323458.000000
1684789638.672273	FNZc7D6BKnu3GJkyl	sha1	8C0450EA53434941D65D1065376E4863D05A11AD	25E2180EB25791942AE5D45D869083DE53B3B892	A78B6D3C544AFB5F0A6DC65FFD080F75	good	-	-	1684703759.000000	1685304958.000000
1684789638.708496	F2h9VN1e6KjQCxfeJ5	sha1	8C0450EA53434941D65D1065376E4863D05A11AD	25E2180EB25791942AE5D45D869083DE53B3B892	2D4FF8FF8F2BC93E103F6B1EB6BB6E3C	good	-	-	1684687663.000000	1685288862.000000
1684789638.713440	FbsF5W19CXz1YDgU05	sha1	48DAC9A0FB2BD32D4FF0DE68D2F567B735F9B3C4	142EB317B75856CBAE500940E61FAF9D8B14C2C6	044EB0BB876F02819227667651D3C50D3545	good	-	-	1684684800.000000	1685289598.000000
1684789638.734932	F4bscL34bj3BHBuc27	sha1	2828E1C94506C213EDC35EAC058B3B41C4B61D87	0D98C0737FABBDBDD9474B49AD0A4A0CAC3EC77C	45DB5BDF451359D38642A5FB	good	-	-	1684767824.000000	1685113423.000000
1684789638.747237	FsFnKt1L9nCIHqa8l6	sha1	666D0B709C89E4BE4BEBEC134547E4B695360F8C	C03152CD5A50C3827C7471CECBE99CF97AEB82E2	0637E80E380BAA568A342C3C9970235E	good	-	-	1684753381.000000	1685355481.000000
1684789638.756950	Fz8CYd2SF9Y2BVh2P4	sha1	430BD20E4F137A1A6C918F24E5DA7E324D4733C8	8D8C5EC454AD8AE177E99BF99B05E1B8018D61E1	E1F84FFA2F0C180A34ED5AC948D5084C	good	-	-	1684529638.000000	1685134437.000000
1684789638.969282	FoEOkCYOZ27zXIrib	sha1	E4E395A229D3D4C1C31FF0980C0B4EC0098AABD8	B76BA2EAA8AA848C79EAB4DA0F98B2C59576B9F4	0A4FB8C3BEC522AE0B9A732AD3096CE1	good	-	-	1684690382.000000	1685292482.000000
1684789639.144296	FYoOhP7RvztosBDa3	sha1	CF26F518FAC97E8F8CB342E01C2F6A109E8E5F0A	5168FF90AF0207753CCCD9656462A212B859723B	086E6B679501651390AF092DDB127A63	good	-	-	1684765982.000000	1685368082.000000
1684789639.164372	F3ccuFB2XEW8REkbg	sha1	B6080D5F6C6B76EB13E438A5F8660BA85233344E	40C2BD278ECC348330A233D7FB6CB3F0B42C80CE	1A40E1C85F1AFF77	good	-	-	1684700407.000000	1684830007.000000
1684789639.183990	FCSAjx1rektbzAAHT6	sha1	E4E395A229D3D4C1C31FF0980C0B4EC0098AABD8	B76BA2EAA8AA848C79EAB4DA0F98B2C59576B9F4	0A4FB8C3BEC522AE0B9A732AD3096CE1	good	-	-	1684690382.000000	1685292482.000000
1684789639.434711	FbI2jOT3P0MU2cObi	sha1	E4E395A229D3D4C1C31FF0980C0B4EC0098AABD8	B76BA2EAA8AA848C79EAB4DA0F98B2C59576B9F4	0CFF818446059D2781F71A2FFD94F8C0	good	-	-	1684705861.000000	1685307961.000000
1684789639.451914	FZ0PPSpFuBgy7bEuf	sha1	430BD20E4F137A1A6C918F24E5DA7E324D4733C8	8D8C5EC454AD8AE177E99BF99B05E1B8018D61E1	FA100C8EA288DC95A938E2FC5B540A0A	good	-	-	1684551485.000000	1685156284.000000
1684789639.552185	F6Z19k2g4Rh7Th7Lb8	sha1	8C0450EA53434941D65D1065376E4863D05A11AD	25E2180EB25791942AE5D45D869083DE53B3B892	0A3591C18FB3F4A2107090920F990346	good	-	-	1684692085.000000	1685293284.000000
1684789639.598232	FLc1LKIOKzwmJDsT	sha1	8051060132AD9AC27D5187A0E887FB01620155EE	03DE503556D14CBB66F0A3E21B1BC397B23DD155	0F622F6F21C2FF5D521F723A1D47D62D	good	-	-	1684685307.000000	1685290107.000000
1684789639.642679	Fi2qdr2Etwjn1S53Xi	sha1	98F90032A9C065EB3C4FA8510E4C8DB8A7101603	A5B4D6EB36C4E76BA6DFC4640B012A2004B86623	0DAE92B35F740A76FCF08CA770593924	good	-	-	1684709822.000000	1685311922.000000
1684789639.737740	FyJXXU3rWgw6sl1cn9	sha1	B6080D5F6C6B76EB13E438A5F8660BA85233344E	40C2BD278ECC348330A233D7FB6CB3F0B42C80CE	9BC2C8C87BE468DB	good	-	-	1684699550.000000	1684829150.000000
1684789639.741392	Fh9kK11yLMrongPLYk	sha1	98F90032A9C065EB3C4FA8510E4C8DB8A7101603	A5B4D6EB36C4E76BA6DFC4640B012A2004B86623	0D801BB8302C8E1AED2C93192EE96326	good	-	-	1684709101.000000	1685311201.000000
1684789639.800931	FOUpU74vkKIiMyUwGb	sha1	3A1979741DCF77D3D6572B57CAFFF6F62B1D5A3A	EE9A2E46F0C2DA3C5CC78CD6A47598DEA8190A65	0C673E377885E4052335497A28F97F50	good	-	-	1684702622.000000	1685304722.000000
1684789639.808949	F6hCHx2JVVMCrY7Irj	sha1	39D28B71FE1D19B65FB3F1288F23BC04595C4395	4E2254201895E6E36EE60FFAFAB912ED06178F39	0B259422CED9812A15A04E99528A0EFA	good	-	-	1684689138.000000	1685293938.000000
1684789639.874146	FQVuTB32vgexPcHOr7	sha1	A17551059D2110D201B9081B73338F1C3CC7BD5F	81B80E638A891218E5FA3B3B50959FE6E5901385	0480E3665281860EECC187031B6923DA	good	-	-	1684743662.000000	1685345762.000000
1684789639.907227	FwjVJl3WQk8TGQoyya	sha1	498942A04F69BCF1F6789F17352EEE8CFE3BE46A	0CDB6C82490F4A670AB814EE7AC4485288EB5638	0AD9E6B02FD5D873FAAFAA21149AEBFF	good	-	-	1684693622.000000	1685295722.000000
1684789639.929037	FfgWl7186kUvA2WD48	sha1	B6080D5F6C6B76EB13E438A5F8660BA85233344E	40C2BD278ECC348330A233D7FB6CB3F0B42C80CE	67268877D47766B4	good	-	-	1684698156.000000	1684827756.000000
1684789640.260820	FmnNkj9NMDhpVJqEl	sha1	E4E395A229D3D4C1C31FF0980C0B4EC0098AABD8	B76BA2EAA8AA848C79EAB4DA0F98B2C59576B9F4	0F7B7CC93FF8832F58CEF12C84B71E63	good	-	-	1684720262.000000	1685322362.000000
1684789640.322201	Ffc58H36pj3BIDurx5	sha1	E4E395A229D3D4C1C31FF0980C0B4EC0098AABD8	B76BA2EAA8AA848C79EAB4DA0F98B2C59576B9F4	0F7B7CC93FF8832F58CEF12C84B71E63	good	-	-	1684720262.000000	1685322362.000000
1684789640.768481	FMEm17HAHn7JBxpDk	sha1	B6080D5F6C6B76EB13E438A5F8660BA85233344E	40C2BD278ECC348330A233D7FB6CB3F0B42C80CE	E2DC0E78F8EFF9A9	good	-	-	1684724028.000000	1684853628.000000
1684789641.243914	FUPkIV3W3N4Qs1B9s5	sha1	777A7BA877D6F10F1CE9202196FB6B1A6E37F5ED	9058FFB09C75A8515477B1EDF2A34316389E6CC5	04D6735269AF7164DCAF04167FA1A9F8	good	-	-	1684486262.000000	1685088362.000000
1684789641.521833	FeArm444uybYfpqn7g	sha1	666D0B709C89E4BE4BEBEC134547E4B695360F8C	C03152CD5A50C3827C7471CECBE99CF97AEB82E2	09BE22AAB9111C438BDB6144D79E5579	good	-	-	1684687142.000000	1685289242.000000
1684789641.859413	F9tInw2tCQdPpFMBmg	sha1	A303C0A8887BD479C4278EB5D7587D3C12C04DA4	FF2F7FE106F438F32DED258D98C2FE0EF66CFCFA	2D0032787213FA84AE5320170C000000327872	good	-	-	1684699207.000000	1685044806.000000
1684789642.028930	Fv2K8Z3dKUpFMQ0Fqa	sha1	430BD20E4F137A1A6C918F24E5DA7E324D4733C8	8D8C5EC454AD8AE177E99BF99B05E1B8018D61E1	49862021B4A655992216982303C5C288	good	-	-	1684750458.000000	1685355257.000000
1684789642.137666	FDeSpY26Eqlv9rCAha	sha1	777A7BA877D6F10F1CE9202196FB6B1A6E37F5ED	9058FFB09C75A8515477B1EDF2A34316389E6CC5	05F6D1AF3B612F7444DD0FBFF0DCBAA1	good	-	-	1684751942.000000	1685354042.000000
1684789642.178164	FncCGj1pKNwCX02mP2	sha1	666D0B709C89E4BE4BEBEC134547E4B695360F8C	C03152CD5A50C3827C7471CECBE99CF97AEB82E2	0ADC08B2AE7F7F7C7FFB0CE3DC01C096	good	-	-	1684693622.000000	1685295722.000000
1684789642.187801	FkSHCaPknsBf3aDwi	sha1	430BD20E4F137A1A6C918F24E5DA7E324D4733C8	8D8C5EC454AD8AE177E99BF99B05E1B8018D61E1	28413F2B08549D2EA624171F27AC2DD3	good	-	-	1684490470.000000	1685095269.000000
1684789642.192810	FCS6703vVm0evUx0N9	sha1	498942A04F69BCF1F6789F17352EEE8CFE3BE46A	0CDB6C82490F4A670AB814EE7AC4485288EB5638	0BC732C7E4314587B1FC20E9C2E1DE68	good	-	-	1684699022.000000	1685301122.000000
1684789642.259956	FAO4vQ3GXCm4LbPpcg	sha1	48DAC9A0FB2BD32D4FF0DE68D2F567B735F9B3C4	142EB317B75856CBAE500940E61FAF9D8B14C2C6	0401F05266A4861DBF75F7FDC5D060FFD5FA	good	-	-	1684684800.000000	1685289598.000000
1684789642.285836	FBT1Q21RZ6P2BCmUah	sha1	2B1D1E98CCF37604D6C1C8BD15A224C804130038	0ABC0829178CA5396D7A0ECE33C72EB3EDFBC37A	0537994279955361F44509FD5FA94BA0	good	-	-	1684747621.000000	1685349721.000000
1684789643.139108	FJAIyd1rMQw4viqT65	sha1	777A7BA877D6F10F1CE9202196FB6B1A6E37F5ED	9058FFB09C75A8515477B1EDF2A34316389E6CC5	04EEB6605C666F63A4DFE23FB95D8AD5	good	-	-	1684745822.000000	1685347922.000000
1684789643.175140	FHk3QvEkpKXJ4iZZ8	sha1	CC6D221CF6B4552C2F87915F5AFEF0E1EECE83CC	82A27074DDBC533FCF7BD4F7CD7FA760C60A4CBF	4B87B657955CBE5475FEAB32CAB62B15	good	-	-	1684771200.000000	1685375999.000000
1684789643.189108	FhdEdx2LsOBcIAS597	sha1	E4E395A229D3D4C1C31FF0980C0B4EC0098AABD8	B76BA2EAA8AA848C79EAB4DA0F98B2C59576B9F4	0D13109A34AAC6BC1E66DB78A7ACC887	good	-	-	1684706582.000000	1685308682.000000
1684789643.364404	Flo4vPvPnqdr8Ffxa	sha1	666D0B709C89E4BE4BEBEC134547E4B695360F8C	C03152CD5A50C3827C7471CECBE99CF97AEB82E2	0E0A7161F80FF2A481BDD9D9BFA7E183	good	-	-	1684711982.000000	1685314082.000000
1684789643.461640	FepCcp3d0Lzk7CN7Ve	sha1	8F7702DC0E21D05E555FA7C877EE1AE931EAD382	4FCBACA8C2EFABDD836F6BBFCE983D5C58257615	5BE1BD2C64625ED6DF61065F	good	-	-	1684765699.000000	1685111298.000000
1684789643.746248	Fn58KS1sprQpJErqdh	sha1	666D0B709C89E4BE4BEBEC134547E4B695360F8C	C03152CD5A50C3827C7471CECBE99CF97AEB82E2	08AB5C8253F11A96F684310896BC4DD5	good	-	-	1684767422.000000	1685369522.000000
1684789643.790087	FtwjSR3PEiRJUAJPzi	sha1	85BE7D3DE1027E716193C16584CBE0573D9916F0	A3C85E6554E53078C105EA070A6A59CCB9FEDE5A	09ED62D8AC42FBE23411A6DDA912F8B6	good	-	-	1684774622.000000	1685376722.000000
1684789643.794636	FVI2Zo2yIDHzoevXmh	sha1	666D0B709C89E4BE4BEBEC134547E4B695360F8C	C03152CD5A50C3827C7471CECBE99CF97AEB82E2	09DB8FAC0D5D43772AE1AA54C15C351B	good	-	-	1684687862.000000	1685289962.000000
1684789643.865253	FQ8gZS1mme1fWxwUSk	sha1	3A1979741DCF77D3D6572B57CAFFF6F62B1D5A3A	EE9A2E46F0C2DA3C5CC78CD6A47598DEA8190A65	0C673E377885E4052335497A28F97F50	good	-	-	1684702622.000000	1685304722.000000
1684789643.878428	FQNPkk4ywc7y0VVKc8	sha1	3A1979741DCF77D3D6572B57CAFFF6F62B1D5A3A	EE9A2E46F0C2DA3C5CC78CD6A47598DEA8190A65	0C673E377885E4052335497A28F97F50	good	-	-	1684702622.000000	1685304722.000000
1684789643.890138	FYqEe631S16NwNrZ0k	sha1	3A1979741DCF77D3D6572B57CAFFF6F62B1D5A3A	EE9A2E46F0C2DA3C5CC78CD6A47598DEA8190A65	0C673E377885E4052335497A28F97F50	good	-	-	1684702622.000000	1685304722.000000
1684789643.915001	FV7fgy3POt5UOsTCsj	sha1	B6080D5F6C6B76EB13E438A5F8660BA85233344E	40C2BD278ECC348330A233D7FB6CB3F0B42C80CE	DBF92912C8B19DBD	good	-	-	1684709328.000000	1684838928.000000
1684789643.917131	FQB4Yi3B3bUmZjlCv8	sha1	430BD20E4F137A1A6C918F24E5DA7E324D4733C8	8D8C5EC454AD8AE177E99BF99B05E1B8018D61E1	19F5BD51AE103EE480A171A673FB352F	good	-	-	1684580608.000000	1685185407.000000
1684789643.927649	FfFjwbMBf4V5GR9je	sha1	B6080D5F6C6B76EB13E438A5F8660BA85233344E	40C2BD278ECC348330A233D7FB6CB3F0B42C80CE	D15AEF4D7CD32F63	good	-	-	1684696309.000000	1684825909.000000
1684789643.949871	FPaH3kY62ULUrka98	sha1	3A1979741DCF77D3D6572B57CAFFF6F62B1D5A3A	EE9A2E46F0C2DA3C5CC78CD6A47598DEA8190A65	0C673E377885E4052335497A28F97F50	good	-	-	1684702622.000000	1685304722.000000
1684789644.466062	FIth2247nBgXjQI2bh	sha1	48DAC9A0FB2BD32D4FF0DE68D2F567B735F9B3C4	142EB317B75856CBAE500940E61FAF9D8B14C2C6	032EFDAC40B67E7DE0ABFF7A2C76E4EF45C4	good	-	-	1684684800.000000	1685289598.000000
1684789644.473692	FpxFd7bCTb9uozVO6	sha1	777A7BA877D6F10F1CE9202196FB6B1A6E37F5ED	9058FFB09C75A8515477B1EDF2A34316389E6CC5	04D6735269AF7164DCAF04167FA1A9F8	good	-	-	1684486262.000000	1685088362.000000
1684789644.516558	FEr8YD3xPiLgTjGnD8	sha1	3A1979741DCF77D3D6572B57CAFFF6F62B1D5A3A	EE9A2E46F0C2DA3C5CC78CD6A47598DEA8190A65	0C673E377885E4052335497A28F97F50	good	-	-	1684702622.000000	1685304722.000000
1684789644.556329	FEePmy4xhiHQDGnpc1	sha1	B6080D5F6C6B76EB13E438A5F8660BA85233344E	40C2BD278ECC348330A233D7FB6CB3F0B42C80CE	3A75BD45528BFE9C	good	-	-	1684719766.000000	1684849366.000000
1684789644.659145	FLirRu2sToX1LAth85	sha1	E4E395A229D3D4C1C31FF0980C0B4EC0098AABD8	B76BA2EAA8AA848C79EAB4DA0F98B2C59576B9F4	03447AD23AF7F58B8F300DC656F06D84	good	-	-	1684736461.000000	1685338561.000000
1684789645.005964	FaO7nl2ULeNSHgLcz1	sha1	2828E1C94506C213EDC35EAC058B3B41C4B61D87	0D98C0737FABBDBDD9474B49AD0A4A0CAC3EC77C	0FA96BF02FF491D9B39E20C2	good	-	-	1684766065.000000	1685111664.000000
1684789645.074917	FQyhIW28y3sRJnCsV2	sha1	B6080D5F6C6B76EB13E438A5F8660BA85233344E	40C2BD278ECC348330A233D7FB6CB3F0B42C80CE	247DAE72B2AFDC77	good	-	-	1684716848.000000	1684846448.000000
1684789645.110563	FxRQPz4pvlrSnVhtG2	sha1	B6080D5F6C6B76EB13E438A5F8660BA85233344E	40C2BD278ECC348330A233D7FB6CB3F0B42C80CE	247DAE72B2AFDC77	good	-	-	1684716848.000000	1684846448.000000
1684789645.128060	Fwrtxy3uUurhanwXM2	sha1	3A1979741DCF77D3D6572B57CAFFF6F62B1D5A3A	EE9A2E46F0C2DA3C5CC78CD6A47598DEA8190A65	0C673E377885E4052335497A28F97F50	good	-	-	1684702622.000000	1685304722.000000
1684789645.156125	FEwgXm2AsiPGHNDTDl	sha1	253B2763B69868D3E868968EFBCC68C6C444D411	F09C85FDA29F7D8FC968BBD5D4894D1DBED390FF	0FB6EA64E47018A7681B8975F65F486F	good	-	-	1684721701.000000	1685323801.000000
1684789645.373977	F7ryn21YrvlqZjKLB	sha1	E4E395A229D3D4C1C31FF0980C0B4EC0098AABD8	B76BA2EAA8AA848C79EAB4DA0F98B2C59576B9F4	01E7B48E8244D9F723E7F997E66A845B	good	-	-	1684728542.000000	1685330642.000000
1684789645.415350	Fh09Z6LP319SLa2k9	sha1	E4E395A229D3D4C1C31FF0980C0B4EC0098AABD8	B76BA2EAA8AA848C79EAB4DA0F98B2C59576B9F4	0E320E7DD0BAF3A44DEDE08BF7E6AD45	good	-	-	1684713062.000000	1685315162.000000
1684789645.610265	FgqHAo3xDaNHsh7Xe6	sha1	3A1979741DCF77D3D6572B57CAFFF6F62B1D5A3A	EE9A2E46F0C2DA3C5CC78CD6A47598DEA8190A65	0C673E377885E4052335497A28F97F50	good	-	-	1684702622.000000	1685304722.000000
1684789645.754409	FlcfzR04UqYh6515f	sha1	E4E395A229D3D4C1C31FF0980C0B4EC0098AABD8	B76BA2EAA8AA848C79EAB4DA0F98B2C59576B9F4	05F19A9350D8CCA84297FD66F8F46A7A	good	-	-	1684751942.000000	1685354042.000000
1684789645.787220	Ftd4c211ec9VCIEQn1	sha1	B6080D5F6C6B76EB13E438A5F8660BA85233344E	40C2BD278ECC348330A233D7FB6CB3F0B42C80CE	10B3F1EFF4C39CB8	good	-	-	1684732126.000000	1684861726.000000
1684789646.003207	FMr6cn3ObOtbAbUFDl	sha1	39D28B71FE1D19B65FB3F1288F23BC04595C4395	4E2254201895E6E36EE60FFAFAB912ED06178F39	0D07782A133FC6F9A57296E131FFD179	good	-	-	1684688829.000000	1685293629.000000
1684789646.087737	FqjQXc2ExCozsyDii7	sha1	BA14A9AB8164C6AFB43C9D29383AE6F9D257ABE9	944FD45D8BE4A4E2A680FEFDD8F900EFA3BE0257	0936018DB46912AF9FF1CAE97EB623A3	good	-	-	1684770662.000000	1685372762.000000
1684789646.639628	FER0jm1OdRom7H7Lxc	sha1	B6080D5F6C6B76EB13E438A5F8660BA85233344E	40C2BD278ECC348330A233D7FB6CB3F0B42C80CE	1D1CC981DA878C72	good	-	-	1684709673.000000	1684839273.000000
1684789646.919696	FIedie3nmI41P1r1d	sha1	430BD20E4F137A1A6C918F24E5DA7E324D4733C8	8D8C5EC454AD8AE177E99BF99B05E1B8018D61E1	4A6F13571B832436CBBBF7CA73B271C7	good	-	-	1684580269.000000	1685185068.000000
1684789647.485140	F4fud1aYRLUy3peq2	sha1	430BD20E4F137A1A6C918F24E5DA7E324D4733C8	8D8C5EC454AD8AE177E99BF99B05E1B8018D61E1	0213EEB61F4C805445F0DD1FB584B889	good	-	-	1684658022.000000	1685262821.000000
1684789668.080987	FUXxW52F0yEiosvmi6	sha1	3A1979741DCF77D3D6572B57CAFFF6F62B1D5A3A	EE9A2E46F0C2DA3C5CC78CD6A47598DEA8190A65	0C673E377885E4052335497A28F97F50	good	-	-	1684702622.000000	1685304722.000000
1684789669.362125	FimoLt4QATNBFOPv08	sha1	CF94DC5C304AA79485721F956E67895AC21657DD	F6850A3B1186E1047D0EAA0B2CD2EECC647B7BAE	AFC0A8FDE886E5E89BEB23E189A0D987	good	-	-	1684606178.000000	1685210977.000000
1684789670.526352	FeWrot1IB47FvYrh4	sha1	CD7023E3278F7D94799F3D4BCFB118F3AF561C87	E531ADBF3A1196F483BC503CD4B7909B90EEDE25	4C17EDA081CF5751926FD4E400638947	good	-	-	1684777989.000000	1685382788.000000
1684789670.949159	Fal2MAvJhekGdHapg	sha1	3A1979741DCF77D3D6572B57CAFFF6F62B1D5A3A	EE9A2E46F0C2DA3C5CC78CD6A47598DEA8190A65	0C673E377885E4052335497A28F97F50	good	-	-	1684702622.000000	1685304722.000000
1684789671.369974	Fwyzne4QgMis05l2tb	sha1	8C0450EA53434941D65D1065376E4863D05A11AD	25E2180EB25791942AE5D45D869083DE53B3B892	E210DC3BC5CCF467096FE2D589D4229A	good	-	-	1684721902.000000	1685323101.000000
1684789676.116529	FX7jI94KvOS7Gy6v49	sha1	B6080D5F6C6B76EB13E438A5F8660BA85233344E	40C2BD278ECC348330A233D7FB6CB3F0B42C80CE	449ABBC1DA009D57	good	-	-	1684721027.000000	1684850627.000000
1684789678.278011	Fwfz7c1c3WQIET6mQe	sha1	2B1D1E98CCF37604D6C1C8BD15A224C804130038	0ABC0829178CA5396D7A0ECE33C72EB3EDFBC37A	02667181722427294C60F5EA857F8A04	good	-	-	1684731421.000000	1685333521.000000
1684789678.537008	FJS8hJ2XhM5vwR2bh2	sha1	3A1979741DCF77D3D6572B57CAFFF6F62B1D5A3A	EE9A2E46F0C2DA3C5CC78CD6A47598DEA8190A65	0C673E377885E4052335497A28F97F50	good	-	-	1684702622.000000	1685304722.000000
1684789678.646908	FWQY9F1HuyG4bikOH	sha1	430BD20E4F137A1A6C918F24E5DA7E324D4733C8	8D8C5EC454AD8AE177E99BF99B05E1B8018D61E1	0E5CCA2A7F1CEFADB13D16CDB63AC351	good	-	-	1684658864.000000	1685263663.000000
1684789678.897872	FwDGKu4RtVp9C8Vh7c	sha1	666D0B709C89E4BE4BEBEC134547E4B695360F8C	C03152CD5A50C3827C7471CECBE99CF97AEB82E2	011C596C34A116EE67335255ADB617C3	good	-	-	1684723862.000000	1685325962.000000
1684789680.252115	FO3MLS38Zjqc6Pn5F4	sha1	498942A04F69BCF1F6789F17352EEE8CFE3BE46A	0CDB6C82490F4A670AB814EE7AC4485288EB5638	0357B388DD2A125596B4B970852D2185	good	-	-	1684736822.000000	1685338922.000000
1684789680.268722	F79Cwn4uS3OF6DNCt8	sha1	3A1979741DCF77D3D6572B57CAFFF6F62B1D5A3A	EE9A2E46F0C2DA3C5CC78CD6A47598DEA8190A65	0C673E377885E4052335497A28F97F50	good	-	-	1684702622.000000	1685304722.000000
1684789680.269564	FHUbiL6hXJPHuic29	sha1	3A1979741DCF77D3D6572B57CAFFF6F62B1D5A3A	EE9A2E46F0C2DA3C5CC78CD6A47598DEA8190A65	0C673E377885E4052335497A28F97F50	good	-	-	1684702622.000000	1685304722.000000
1684789680.282905	FdB3w61DBFBArW8r32	sha1	3A1979741DCF77D3D6572B57CAFFF6F62B1D5A3A	EE9A2E46F0C2DA3C5CC78CD6A47598DEA8190A65	0C673E377885E4052335497A28F97F50	good	-	-	1684702622.000000	1685304722.000000
1684789680.286099	FJrrBH2WSyAO3obxlb	sha1	3A1979741DCF77D3D6572B57CAFFF6F62B1D5A3A	EE9A2E46F0C2DA3C5CC78CD6A47598DEA8190A65	0C673E377885E4052335497A28F97F50	good	-	-	1684702622.000000	1685304722.000000
1684789680.327155	F9SUuT2rQcs10YM39h	sha1	A17551059D2110D201B9081B73338F1C3CC7BD5F	81B80E638A891218E5FA3B3B50959FE6E5901385	0480E3665281860EECC187031B6923DA	good	-	-	1684743662.000000	1685345762.000000
1684789680.734768	Fz5GbJ3oe0WkEY8YM1	sha1	430BD20E4F137A1A6C918F24E5DA7E324D4733C8	8D8C5EC454AD8AE177E99BF99B05E1B8018D61E1	605A316688E0B3DC5BC37DC9B45C0DF0	good	-	-	1684354261.000000	1684959060.000000
1684789680.858188	FrbE0G4YTzYwi4Clll	sha1	253B2763B69868D3E868968EFBCC68C6C444D411	F09C85FDA29F7D8FC968BBD5D4894D1DBED390FF	0AA5CEFAE61784962B94C798622EE9CD	good	-	-	1684692542.000000	1685294642.000000
1684789681.000010	FFuYT81ZvAmIeldZN1	sha1	666D0B709C89E4BE4BEBEC134547E4B695360F8C	C03152CD5A50C3827C7471CECBE99CF97AEB82E2	0AF2DF53313D319015330366534EA6D3	good	-	-	1684694342.000000	1685296442.000000
1684789681.569851	FmLoX32OOmTmNJQ1bg	sha1	3A1979741DCF77D3D6572B57CAFFF6F62B1D5A3A	EE9A2E46F0C2DA3C5CC78CD6A47598DEA8190A65	0C673E377885E4052335497A28F97F50	good	-	-	1684702622.000000	1685304722.000000
1684789843.941107	FXyfMdwzBoSJAwQM	sha1	A17551059D2110D201B9081B73338F1C3CC7BD5F	81B80E638A891218E5FA3B3B50959FE6E5901385	04EFDA46CEDF2598CC4CFEA40F19B03B	good	-	-	1684745822.000000	1685347922.000000
1684789844.458107	F6URe02vh3lUiQ3exe	sha1	A17551059D2110D201B9081B73338F1C3CC7BD5F	81B80E638A891218E5FA3B3B50959FE6E5901385	022AF3428926A7A60B4DB9DD28FFE9FF	good	-	-	1684729981.000000	1685332081.000000
1684789844.707973	FxjUDx3D1PhA37jCyh	sha1	39D28B71FE1D19B65FB3F1288F23BC04595C4395	4E2254201895E6E36EE60FFAFAB912ED06178F39	0C8EE0C90D6A89158804061EE241F9AF	good	-	-	1684684155.000000	1685288955.000000
#close	2023-05-23-00-45-27
